2025-12-31T14:44:18.974Z - Server Started
2025-12-31T14:44:18.977Z - Cleaning the task whose time has passed
2025-12-31T14:44:19.041Z - MongoDB connected..
2025-12-31T14:44:19.078Z - Cleaning Completed
2025-12-31T14:45:14.516Z - User logging in....
2025-12-31T14:45:14.517Z - Checking Password
2025-12-31T14:45:14.556Z - Password Incorrect or Email
2025-12-31T14:46:10.925Z - User logging in....
2025-12-31T14:46:10.928Z - Checking Password
2025-12-31T14:46:10.971Z - Password Verified . .
2025-12-31T14:46:10.976Z - User Logged-in
2025-12-31T14:46:29.761Z - User logging in....
2025-12-31T14:46:29.762Z - Checking Password
2025-12-31T14:46:29.769Z - Password Incorrect or Email
2025-12-31T14:46:42.199Z - User logging in....
2025-12-31T14:46:42.201Z - Checking Password
2025-12-31T14:46:42.209Z - Password Verified . .
2025-12-31T14:46:42.209Z - User Logged-in
2025-12-31T14:46:47.296Z - User logging in....
2025-12-31T14:46:47.299Z - Checking Password
2025-12-31T14:46:47.332Z - Password Incorrect or Email
2025-12-31T14:46:55.010Z - Checking Password
2025-12-31T14:46:55.010Z - User logging in....
2025-12-31T14:46:55.015Z - Password Incorrect or Email
2025-12-31T14:47:29.867Z - User logging in....
2025-12-31T14:47:29.868Z - Checking Password
2025-12-31T14:47:29.876Z - Password Verified . .
2025-12-31T14:47:29.877Z - User Logged-in
2025-12-31T14:48:59.525Z - User logging in....
2025-12-31T14:48:59.533Z - Password Verified . .
2025-12-31T14:48:59.535Z - User Logged-in
2025-12-31T14:48:59.526Z - Checking Password
2025-12-31T14:53:10.941Z - User logging in....
2025-12-31T14:53:10.941Z - Checking Password
2025-12-31T14:53:10.950Z - Password Verified . .
2025-12-31T14:53:10.950Z - User Logged-in
2025-12-31T14:53:22.609Z - Checking user is Logged in or not
2025-12-31T14:53:22.613Z - user is not Logged in, request Rejected
2025-12-31T14:53:52.586Z - Checking user is Logged in or not
2025-12-31T14:53:52.587Z - user is not Logged in, request Rejected
2025-12-31T14:54:04.321Z - Checking user is Logged in or not
2025-12-31T14:54:04.322Z - user is not Logged in, request Rejected
2025-12-31T14:54:16.810Z - Checking user is Logged in or not
2025-12-31T14:54:16.811Z - user is not Logged in, request Rejected
2025-12-31T14:55:27.550Z - Checking if the User is admin or not
2025-12-31T14:55:27.551Z - User is Admin and Acces is granted
2025-12-31T14:55:27.553Z - Checking if the user exists
2025-12-31T14:55:27.561Z - Getting all task's of User....
2025-12-31T14:55:27.608Z - Task's got returning
2025-12-31T14:55:45.399Z - User logging in....
2025-12-31T14:55:45.400Z - Checking Password
2025-12-31T14:55:45.406Z - User Logged-in
2025-12-31T14:55:45.406Z - Password Verified . .
2025-12-31T14:55:45.655Z - Checking user is Logged in or not
2025-12-31T14:55:45.655Z - user is Logged in
2025-12-31T14:55:45.657Z - Checking if the user exists
2025-12-31T14:55:45.672Z - Getting all task's of User....
2025-12-31T14:55:45.679Z - Task's got returning
2025-12-31T14:56:10.658Z - Checking user is Logged in or not
2025-12-31T14:56:10.658Z - user is Logged in
2025-12-31T14:56:10.659Z - Checking if the user exists
2025-12-31T14:56:10.663Z - Task-Creation started...
2025-12-31T14:56:10.689Z - Task created Succesfully
2025-12-31T14:58:12.748Z - Checking user is Logged in or not
2025-12-31T14:58:12.749Z - user is Logged in
2025-12-31T14:58:12.749Z - Checking if the user exists
2025-12-31T14:58:12.754Z - Checking whether task exists and user is authorized or not
2025-12-31T14:58:12.759Z - Updating the task data
2025-12-31T14:58:12.780Z - Updation completed
2025-12-31T14:59:36.377Z - Checking user is Logged in or not
2025-12-31T14:59:36.378Z - user is Logged in
2025-12-31T14:59:36.378Z - Checking if the user exists
2025-12-31T14:59:36.382Z - Getting all task's of User....
2025-12-31T14:59:36.386Z - Task's got returning
2025-12-31T15:03:25.537Z - Checking user is Logged in or not
2025-12-31T15:03:25.537Z - user is Logged in
2025-12-31T15:03:25.539Z - Checking if the user exists
2025-12-31T15:03:25.542Z - Checking if Task is valid or not
2025-12-31T15:03:25.556Z - Task deleted Succesfully
2025-12-31T15:04:29.700Z - User logging in....
2025-12-31T15:04:29.701Z - Checking Password
2025-12-31T15:04:29.707Z - Password Verified . .
2025-12-31T15:04:29.708Z - User Logged-in
2025-12-31T15:04:30.135Z - Checking if the User is admin or not
2025-12-31T15:04:30.135Z - User is Admin and Acces is granted
2025-12-31T15:04:30.138Z - Checking if the user exists
2025-12-31T15:04:30.142Z - Getting all task's of User....
2025-12-31T15:04:30.162Z - Task's got returning
2025-12-31T15:04:44.877Z - Checking if the User is admin or not
2025-12-31T15:04:44.877Z - User is Admin and Acces is granted
2025-12-31T15:04:44.881Z - Checking if the user exists
2025-12-31T15:04:44.888Z - Getting all task's of User....
2025-12-31T15:04:44.923Z - Task's got returning
2025-12-31T15:07:23.013Z - Checking user is Logged in or not
2025-12-31T15:07:23.014Z - user is Logged in
2025-12-31T15:07:23.016Z - Checking if the user exists
2025-12-31T15:07:23.023Z - Checking if Task is valid or not
2025-12-31T15:07:23.026Z - Unauthorized User or Task not available
2025-12-31T15:08:10.015Z - Checking if the User is admin or not
2025-12-31T15:08:52.431Z - Server Started
2025-12-31T15:08:52.434Z - Cleaning the task whose time has passed
2025-12-31T15:08:59.468Z - Server Started
2025-12-31T15:08:59.470Z - Cleaning the task whose time has passed
2025-12-31T15:08:59.535Z - MongoDB connected..
2025-12-31T15:08:59.577Z - Cleaning Completed
2025-12-31T15:09:03.088Z - Checking if the User is admin or not
2025-12-31T15:15:58.844Z - New User Registeration.....
2025-12-31T15:15:58.879Z - User Already exists
2025-12-31T15:16:45.665Z - New User Registeration.....
2025-12-31T15:16:45.686Z - Hashing password
2025-12-31T15:16:45.699Z - User Created
2025-12-31T15:16:45.714Z - Password Verified . .
2025-12-31T15:16:45.715Z - User logged in too
2025-12-31T15:24:53.924Z - Checking Password
2025-12-31T15:24:53.922Z - User logging in....
2025-12-31T15:24:53.946Z - User Logged-in
2025-12-31T15:24:53.944Z - Password Verified . .
2025-12-31T15:26:38.670Z - Checking user is Logged in or not
2025-12-31T15:26:38.670Z - user is Logged in
2025-12-31T15:26:38.671Z - Checking if the user exists
2025-12-31T15:26:38.676Z - Task-Creation started...
2025-12-31T15:26:38.690Z - Task created Succesfully
2025-12-31T15:29:19.393Z - Checking user is Logged in or not
2025-12-31T15:29:19.394Z - user is Logged in
2025-12-31T15:29:19.408Z - Checking if the user exists
2025-12-31T15:29:19.428Z - Checking whether task exists and user is authorized or not
2025-12-31T15:29:19.454Z - Updating the task data
2025-12-31T15:29:19.517Z - Updation completed
2025-12-31T15:30:07.499Z - Checking user is Logged in or not
2025-12-31T15:30:07.500Z - user is Logged in
2025-12-31T15:30:07.500Z - Checking if the user exists
2025-12-31T15:30:07.506Z - Checking whether task exists and user is authorized or not
2025-12-31T15:30:07.526Z - User is unauthorized or task does not exists
2025-12-31T15:32:16.442Z - Checking user is Logged in or not
2025-12-31T15:32:16.459Z - user is Logged in
2025-12-31T15:32:16.461Z - Checking if the user exists
2025-12-31T15:32:16.467Z - Getting all task's of User....
2025-12-31T15:32:16.488Z - Task's got returning
2025-12-31T15:34:01.746Z - Checking user is Logged in or not
2025-12-31T15:34:01.746Z - user is Logged in
2025-12-31T15:34:01.748Z - Checking if the user exists
2025-12-31T15:34:01.752Z - Checking if Task is valid or not
2025-12-31T15:34:01.755Z - Unauthorized User or Task not available
2025-12-31T15:34:21.449Z - Checking user is Logged in or not
2025-12-31T15:34:21.450Z - user is Logged in
2025-12-31T15:34:21.452Z - Checking if the user exists
2025-12-31T15:34:21.455Z - Checking if Task is valid or not
2025-12-31T15:34:21.470Z - Task deleted Succesfully
2025-12-31T15:35:07.064Z - Checking user is Logged in or not
2025-12-31T15:35:07.065Z - user is Logged in
2025-12-31T15:35:07.067Z - Checking if the user exists
2025-12-31T15:35:07.073Z - Checking if Task is valid or not
2025-12-31T15:35:07.078Z - Unauthorized User or Task not available
2025-12-31T15:36:28.835Z - Checking if the User is admin or not
2025-12-31T15:36:28.837Z - User is Admin and Acces is granted
2025-12-31T15:36:28.841Z - Checking if the user exists
2025-12-31T15:36:28.850Z - Getting all task's of User....
2025-12-31T15:36:28.891Z - Task's got returning
2025-12-31T15:37:02.766Z - Checking if the User is admin or not
